Log file open, 03/04/21 01:23:17
LogInit: Display: Running engine for game: FPSProject
LogPlatformFile: Not using cached read wrapper
LogTaskGraph: Started task graph with 5 named threads and 47 total threads with 3 sets of task threads.
LogStats: Stats thread started at 1.653930
LogD3D11RHI: Loaded GFSDK_Aftermath_Lib.x64.dll
LogICUInternationalization: ICU TimeZone Detection - Raw Offset: +9:00, Platform Override: ''
LogPluginManager: Mounting plugin Paper2D
LogPluginManager: Mounting plugin AISupport
LogPluginManager: Mounting plugin LightPropagationVolume
LogPluginManager: Mounting plugin CameraShakePreviewer
LogPluginManager: Mounting plugin ActorLayerUtilities
LogPluginManager: Mounting plugin AnimationSharing
LogPluginManager: Mounting plugin CLionSourceCodeAccess
LogPluginManager: Mounting plugin CodeLiteSourceCodeAccess
LogPluginManager: Mounting plugin GitSourceControl
LogPluginManager: Mounting plugin KDevelopSourceCodeAccess
LogPluginManager: Mounting plugin NullSourceCodeAccess
LogPluginManager: Mounting plugin PerforceSourceControl
LogPluginManager: Mounting plugin PlasticSourceControl
LogPluginManager: Mounting plugin RiderSourceCodeAccess
LogPluginManager: Mounting plugin SubversionSourceControl
LogPluginManager: Mounting plugin UObjectPlugin
LogPluginManager: Mounting plugin VisualStudioCodeSourceCodeAccess
LogPluginManager: Mounting plugin VisualStudioSourceCodeAccess
LogPluginManager: Mounting plugin XCodeSourceCodeAccess
LogPluginManager: Mounting plugin AssetManagerEditor
LogPluginManager: Mounting plugin CryptoKeys
LogPluginManager: Mounting plugin CurveEditorTools
LogPluginManager: Mounting plugin DataValidation
LogPluginManager: Mounting plugin EditorScriptingUtilities
LogPluginManager: Mounting plugin FacialAnimation
LogPluginManager: Mounting plugin GameplayTagsEditor
LogPluginManager: Mounting plugin GeometryMode
LogPluginManager: Mounting plugin MacGraphicsSwitching
LogPluginManager: Mounting plugin MaterialAnalyzer
LogPluginManager: Mounting plugin MobileLauncherProfileWizard
LogPluginManager: Mounting plugin PluginBrowser
LogPluginManager: Mounting plugin SpeedTreeImporter
LogPluginManager: Mounting plugin DatasmithContent
LogPluginManager: Mounting plugin VariantManagerContent
LogPluginManager: Mounting plugin AlembicImporter
LogPluginManager: Mounting plugin AutomationUtils
LogPluginManager: Mounting plugin BackChannel
LogPluginManager: Mounting plugin ChaosCloth
LogPluginManager: Mounting plugin ChaosClothEditor
LogPluginManager: Mounting plugin ChaosEditor
LogPluginManager: Mounting plugin ChaosNiagara
LogPluginManager: Mounting plugin ChaosSolverPlugin
LogPluginManager: Mounting plugin CharacterAI
LogPluginManager: Mounting plugin GeometryCache
LogPluginManager: Mounting plugin GeometryCollectionPlugin
LogPluginManager: Mounting plugin GeometryProcessing
LogPluginManager: Mounting plugin PlanarCut
LogPluginManager: Mounting plugin PlatformCrypto
LogPluginManager: Mounting plugin ProxyLODPlugin
LogPluginManager: Mounting plugin SkeletalReduction
LogPluginManager: Mounting plugin Niagara
LogPluginManager: Mounting plugin MagicLeap
LogPluginManager: Mounting plugin MagicLeapLightEstimation
LogPluginManager: Mounting plugin MagicLeapMedia
LogPluginManager: Mounting plugin MagicLeapPassableWorld
LogPluginManager: Mounting plugin MLSDK
LogPluginManager: Mounting plugin AndroidMedia
LogPluginManager: Mounting plugin AvfMedia
LogPluginManager: Mounting plugin ImgMedia
LogPluginManager: Mounting plugin MediaCompositing
LogPluginManager: Mounting plugin MediaPlayerEditor
LogPluginManager: Mounting plugin WebMMedia
LogPluginManager: Mounting plugin WmfMedia
LogPluginManager: Mounting plugin MeshPainting
LogPluginManager: Mounting plugin TcpMessaging
LogPluginManager: Mounting plugin UdpMessaging
LogPluginManager: Mounting plugin ActorSequence
LogPluginManager: Mounting plugin LevelSequenceEditor
LogPluginManager: Mounting plugin MatineeToLevelSequence
LogPluginManager: Mounting plugin MovieRenderPipeline
LogPluginManager: Mounting plugin TemplateSequence
LogPluginManager: Mounting plugin NetcodeUnitTest
LogPluginManager: Mounting plugin NUTUnrealEngine4
LogPluginManager: Mounting plugin OnlineSubsystemGooglePlay
LogPluginManager: Mounting plugin OnlineSubsystemIOS
LogPluginManager: Mounting plugin OnlineSubsystem
LogPluginManager: Mounting plugin OnlineSubsystemNull
LogPluginManager: Mounting plugin OnlineSubsystemUtils
LogPluginManager: Mounting plugin LauncherChunkInstaller
LogPluginManager: Mounting plugin AndroidDeviceProfileSelector
LogPluginManager: Mounting plugin AndroidMoviePlayer
LogPluginManager: Mounting plugin AndroidPermission
LogPluginManager: Mounting plugin AppleImageUtils
LogPluginManager: Mounting plugin AppleMoviePlayer
LogPluginManager: Mounting plugin ArchVisCharacter
LogPluginManager: Mounting plugin AssetTags
LogPluginManager: Mounting plugin AudioCapture
LogPluginManager: Mounting plugin CableComponent
LogPluginManager: Mounting plugin CustomMeshComponent
LogPluginManager: Mounting plugin EditableMesh
LogPluginManager: Mounting plugin ExampleDeviceProfileSelector
LogPluginManager: Mounting plugin GoogleCloudMessaging
LogPluginManager: Mounting plugin GooglePAD
LogPluginManager: Mounting plugin IOSDeviceProfileSelector
LogPluginManager: Mounting plugin LinuxDeviceProfileSelector
LogPluginManager: Mounting plugin LocationServicesBPLibrary
LogPluginManager: Mounting plugin MobilePatchingUtils
LogPluginManager: Mounting plugin OculusVR
LogPluginManager: Mounting plugin PhysXVehicles
LogPluginManager: Mounting plugin PostSplashScreen
LogPluginManager: Mounting plugin ProceduralMeshComponent
LogPluginManager: Mounting plugin RuntimePhysXCooking
LogPluginManager: Mounting plugin SignificanceManager
LogPluginManager: Mounting plugin SoundFields
LogPluginManager: Mounting plugin SteamVR
LogPluginManager: Mounting plugin Synthesis
LogPluginManager: Mounting plugin WebMMoviePlayer
LogPluginManager: Mounting plugin WindowsMoviePlayer
LogPluginManager: Mounting plugin ScreenshotTools
LogInit: Using libcurl 7.55.1-DEV
LogInit:  - built for x86_64-pc-win32
LogInit:  - supports SSL with OpenSSL/1.1.1
LogInit:  - supports HTTP deflate (compression) using libz 1.2.8
LogInit:  - other features:
LogInit:      CURL_VERSION_SSL
LogInit:      CURL_VERSION_LIBZ
LogInit:      CURL_VERSION_IPV6
LogInit:      CURL_VERSION_ASYNCHDNS
LogInit:      CURL_VERSION_LARGEFILE
LogInit:      CURL_VERSION_IDN
LogInit:  CurlRequestOptions (configurable via config and command line):
LogInit:  - bVerifyPeer = true  - Libcurl will verify peer certificate
LogInit:  - bUseHttpProxy = false  - Libcurl will NOT use HTTP proxy
LogInit:  - bDontReuseConnections = false  - Libcurl will reuse connections
LogInit:  - MaxHostConnections = 16  - Libcurl will limit the number of connections to a host
LogInit:  - LocalHostAddr = Default
LogInit:  - BufferSize = 65536
LogOnline: OSS: Creating online subsystem instance for: NULL
LogInit: WinSock: version 1.1 (2.2), MaxSocks=32767, MaxUdp=65467
LogOnline: OSS: TryLoadSubsystemAndSetDefault: Loaded subsystem for module [NULL]
LogInit: Build: ++UE4+Release-4.25-CL-14469661
LogInit: Engine Version: 4.25.4-14469661+++UE4+Release-4.25
LogInit: Compatible Engine Version: 4.25.0-13144385+++UE4+Release-4.25
LogInit: Net CL: 13144385
LogInit: OS: Windows 10 (Release 2004) (), CPU: AMD Ryzen 7 2700 Eight-Core Processor          , GPU: NVIDIA GeForce GTX 1060 3GB
LogInit: Compiled (64-bit): Oct 11 2020 08:10:49
LogInit: Compiled with Visual C++: 19.24.28315.00
LogInit: Build Configuration: Development
LogInit: Branch Name: ++UE4+Release-4.25
LogInit: Command Line:  -EpicPortal -epicusername="Gwang Hyung" -epicuserid=59c19ab561d04a129ef945e045b6fff8 -epiclocale=ko
LogInit: Base Directory: D:/UE_4.25/Engine/Binaries/Win64/
LogInit: Allocator: TBB
LogInit: Installed Engine Build: 1
LogDevObjectVersion: Number of dev versions registered: 26
LogDevObjectVersion:   Dev-Blueprints (B0D832E4-1F89-4F0D-ACCF-7EB736FD4AA2): 10
LogDevObjectVersion:   Dev-Build (E1C64328-A22C-4D53-A36C-8E866417BD8C): 0
LogDevObjectVersion:   Dev-Core (375EC13C-06E4-48FB-B500-84F0262A717E): 4
LogDevObjectVersion:   Dev-Editor (E4B068ED-F494-42E9-A231-DA0B2E46BB41): 38
LogDevObjectVersion:   Dev-Framework (CFFC743F-43B0-4480-9391-14DF171D2073): 37
LogDevObjectVersion:   Dev-Mobile (B02B49B5-BB20-44E9-A304-32B752E40360): 2
LogDevObjectVersion:   Dev-Networking (A4E4105C-59A1-49B5-A7C5-40C4547EDFEE): 0
LogDevObjectVersion:   Dev-Online (39C831C9-5AE6-47DC-9A44-9C173E1C8E7C): 0
LogDevObjectVersion:   Dev-Physics (78F01B33-EBEA-4F98-B9B4-84EACCB95AA2): 4
LogDevObjectVersion:   Dev-Platform (6631380F-2D4D-43E0-8009-CF276956A95A): 0
LogDevObjectVersion:   Dev-Rendering (12F88B9F-8875-4AFC-A67C-D90C383ABD29): 43
LogDevObjectVersion:   Dev-Sequencer (7B5AE74C-D270-4C10-A958-57980B212A5A): 12
LogDevObjectVersion:   Dev-VR (D7296918-1DD6-4BDD-9DE2-64A83CC13884): 3
LogDevObjectVersion:   Dev-LoadTimes (C2A15278-BFE7-4AFE-6C17-90FF531DF755): 1
LogDevObjectVersion:   Private-Geometry (6EACA3D4-40EC-4CC1-B786-8BED09428FC5): 3
LogDevObjectVersion:   Dev-AnimPhys (29E575DD-E0A3-4627-9D10-D276232CDCEA): 17
LogDevObjectVersion:   Dev-Anim (AF43A65D-7FD3-4947-9873-3E8ED9C1BB05): 7
LogDevObjectVersion:   Dev-ReflectionCapture (6B266CEC-1EC7-4B8F-A30B-E4D90942FC07): 1
LogDevObjectVersion:   Dev-Automation (0DF73D61-A23F-47EA-B727-89E90C41499A): 1
LogDevObjectVersion:   FortniteMain (601D1886-AC64-4F84-AA16-D3DE0DEAC7D6): 31
LogDevObjectVersion:   Dev-Enterprise (9DFFBCD6-494F-0158-E221-12823C92A888): 10
LogDevObjectVersion:   Dev-Niagara (F2AED0AC-9AFE-416F-8664-AA7FFA26D6FC): 1
LogDevObjectVersion:   Dev-Destruction (174F1F0B-B4C6-45A5-B13F-2EE8D0FB917D): 10
LogDevObjectVersion:   Dev-Physics-Ext (35F94A83-E258-406C-A318-09F59610247C): 37
LogDevObjectVersion:   Dev-PhysicsMaterial-Chaos (B68FC16E-8B1B-42E2-B453-215C058844FE): 1
LogDevObjectVersion:   Dev-CineCamera (B2E18506-4273-CFC2-A54E-F4BB758BBA07): 1
LogInit: Presizing for max 25165824 objects, including 0 objects not considered by GC, pre-allocating 0 bytes for permanent pool.
LogConfig: Applying CVar settings from Section [/Script/Engine.StreamingSettings] File [D:/Unreal Projects/Git/FPS_GameProject/FPSProject/Saved/Config/Windows/Engine.ini]
LogConfig: Setting CVar [[s.MinBulkDataSizeForAsyncLoading:131072]]
LogConfig: Setting CVar [[s.AsyncLoadingThreadEnabled:0]]
LogConfig: Setting CVar [[s.EventDrivenLoaderEnabled:1]]
LogConfig: Setting CVar [[s.WarnIfTimeLimitExceeded:0]]
LogConfig: Setting CVar [[s.TimeLimitExceededMultiplier:1.5]]
LogConfig: Setting CVar [[s.TimeLimitExceededMinTime:0.005]]
LogConfig: Setting CVar [[s.UseBackgroundLevelStreaming:1]]
LogConfig: Setting CVar [[s.PriorityAsyncLoadingExtraTime:15.0]]
LogConfig: Setting CVar [[s.LevelStreamingActorsUpdateTimeLimit:5.0]]
LogConfig: Setting CVar [[s.PriorityLevelStreamingActorsUpdateExtraTime:5.0]]
LogConfig: Setting CVar [[s.LevelStreamingComponentsRegistrationGranularity:10]]
LogConfig: Setting CVar [[s.UnregisterComponentsTimeLimit:1.0]]
LogConfig: Setting CVar [[s.LevelStreamingComponentsUnregistrationGranularity:5]]
LogConfig: Setting CVar [[s.FlushStreamingOnExit:1]]
LogInit: Object subsystem initialized
LogConfig: Setting CVar [[con.DebugEarlyDefault:1]]
LogConfig: Setting CVar [[r.setres:1280x720]]
[2021.03.03-16.23.18:849][  0]LogConfig: Setting CVar [[r.VSync:0]]
[2021.03.03-16.23.18:849][  0]LogConfig: Setting CVar [[r.RHICmdBypass:0]]
[2021.03.03-16.23.18:849][  0]LogConfig: Applying CVar settings from Section [/Script/Engine.RendererSettings] File [D:/Unreal Projects/Git/FPS_GameProject/FPSProject/Saved/Config/Windows/Engine.ini]
[2021.03.03-16.23.18:849][  0]LogConfig: Setting CVar [[r.GPUCrashDebugging:0]]
[2021.03.03-16.23.18:849][  0]LogConfig: Applying CVar settings from Section [/Script/Engine.RendererOverrideSettings] File [D:/Unreal Projects/Git/FPS_GameProject/FPSProject/Saved/Config/Windows/Engine.ini]
[2021.03.03-16.23.18:849][  0]LogConfig: Applying CVar settings from Section [/Script/Engine.StreamingSettings] File [D:/Unreal Projects/Git/FPS_GameProject/FPSProject/Saved/Config/Windows/Engine.ini]
[2021.03.03-16.23.18:849][  0]LogConfig: Setting CVar [[s.MinBulkDataSizeForAsyncLoading:131072]]
[2021.03.03-16.23.18:849][  0]LogConfig: Setting CVar [[s.AsyncLoadingThreadEnabled:0]]
[2021.03.03-16.23.18:849][  0]LogConfig: Setting CVar [[s.EventDrivenLoaderEnabled:1]]
[2021.03.03-16.23.18:849][  0]LogConfig: Setting CVar [[s.WarnIfTimeLimitExceeded:0]]
[2021.03.03-16.23.18:849][  0]LogConfig: Setting CVar [[s.TimeLimitExceededMultiplier:1.5]]
[2021.03.03-16.23.18:849][  0]LogConfig: Setting CVar [[s.TimeLimitExceededMinTime:0.005]]
[2021.03.03-16.23.18:849][  0]LogConfig: Setting CVar [[s.UseBackgroundLevelStreaming:1]]
[2021.03.03-16.23.18:849][  0]LogConfig: Setting CVar [[s.PriorityAsyncLoadingExtraTime:15.0]]
[2021.03.03-16.23.18:849][  0]LogConfig: Setting CVar [[s.LevelStreamingActorsUpdateTimeLimit:5.0]]
[2021.03.03-16.23.18:849][  0]LogConfig: Setting CVar [[s.PriorityLevelStreamingActorsUpdateExtraTime:5.0]]
[2021.03.03-16.23.18:849][  0]LogConfig: Setting CVar [[s.LevelStreamingComponentsRegistrationGranularity:10]]
[2021.03.03-16.23.18:849][  0]LogConfig: Setting CVar [[s.UnregisterComponentsTimeLimit:1.0]]
[2021.03.03-16.23.18:849][  0]LogConfig: Setting CVar [[s.LevelStreamingComponentsUnregistrationGranularity:5]]
[2021.03.03-16.23.18:849][  0]LogConfig: Setting CVar [[s.FlushStreamingOnExit:1]]
[2021.03.03-16.23.18:849][  0]LogConfig: Applying CVar settings from Section [/Script/Engine.GarbageCollectionSettings] File [D:/Unreal Projects/Git/FPS_GameProject/FPSProject/Saved/Config/Windows/Engine.ini]
[2021.03.03-16.23.18:849][  0]LogConfig: Setting CVar [[gc.MaxObjectsNotConsideredByGC:1]]
[2021.03.03-16.23.18:849][  0]LogConfig: Setting CVar [[gc.SizeOfPermanentObjectPool:0]]
[2021.03.03-16.23.18:849][  0]LogConfig: Setting CVar [[gc.FlushStreamingOnGC:0]]
[2021.03.03-16.23.18:849][  0]LogConfig: Setting CVar [[gc.NumRetriesBeforeForcingGC:10]]
[2021.03.03-16.23.18:849][  0]LogConfig: Setting CVar [[gc.AllowParallelGC:1]]
[2021.03.03-16.23.18:849][  0]LogConfig: Setting CVar [[gc.TimeBetweenPurgingPendingKillObjects:61.1]]
[2021.03.03-16.23.18:849][  0]LogConfig: Setting CVar [[gc.MaxObjectsInEditor:25165824]]
[2021.03.03-16.23.18:849][  0]LogConfig: Setting CVar [[gc.IncrementalBeginDestroyEnabled:1]]
[2021.03.03-16.23.18:849][  0]LogConfig: Setting CVar [[gc.CreateGCClusters:1]]
[2021.03.03-16.23.18:849][  0]LogConfig: Setting CVar [[gc.MinGCClusterSize:5]]
[2021.03.03-16.23.18:849][  0]LogConfig: Setting CVar [[gc.ActorClusteringEnabled:0]]
[2021.03.03-16.23.18:849][  0]LogConfig: Setting CVar [[gc.BlueprintClusteringEnabled:0]]
[2021.03.03-16.23.18:849][  0]LogConfig: Setting CVar [[gc.UseDisregardForGCOnDedicatedServers:0]]
[2021.03.03-16.23.18:849][  0]LogConfig: Applying CVar settings from Section [/Script/Engine.NetworkSettings] File [D:/Unreal Projects/Git/FPS_GameProject/FPSProject/Saved/Config/Windows/Engine.ini]
[2021.03.03-16.23.18:849][  0]LogConfig: Applying CVar settings from Section [/Script/UnrealEd.CookerSettings] File [D:/Unreal Projects/Git/FPS_GameProject/FPSProject/Saved/Config/Windows/Engine.ini]
[2021.03.03-16.23.18:857][  0]LogConfig: Applying CVar settings from Section [ViewDistanceQuality@3] File [D:/Unreal Projects/Git/FPS_GameProject/FPSProject/Saved/Config/Windows/Scalability.ini]
[2021.03.03-16.23.18:857][  0]LogConfig: Setting CVar [[r.SkeletalMeshLODBias:0]]
[2021.03.03-16.23.18:857][  0]LogConfig: Setting CVar [[r.ViewDistanceScale:1.0]]
[2021.03.03-16.23.18:857][  0]LogConfig: Applying CVar settings from Section [AntiAliasingQuality@3] File [D:/Unreal Projects/Git/FPS_GameProject/FPSProject/Saved/Config/Windows/Scalability.ini]
[2021.03.03-16.23.18:857][  0]LogConfig: Setting CVar [[r.PostProcessAAQuality:4]]
[2021.03.03-16.23.18:857][  0]LogConfig: Applying CVar settings from Section [ShadowQuality@3] File [D:/Unreal Projects/Git/FPS_GameProject/FPSProject/Saved/Config/Windows/Scalability.ini]
[2021.03.03-16.23.18:857][  0]LogConfig: Setting CVar [[r.LightFunctionQuality:1]]
[2021.03.03-16.23.18:857][  0]LogConfig: Setting CVar [[r.ShadowQuality:5]]
[2021.03.03-16.23.18:857][  0]LogConfig: Setting CVar [[r.Shadow.CSM.MaxCascades:10]]
[2021.03.03-16.23.18:857][  0]LogConfig: Setting CVar [[r.Shadow.MaxResolution:2048]]
[2021.03.03-16.23.18:857][  0]LogConfig: Setting CVar [[r.Shadow.MaxCSMResolution:2048]]
[2021.03.03-16.23.18:857][  0]LogConfig: Setting CVar [[r.Shadow.RadiusThreshold:0.01]]
[2021.03.03-16.23.18:857][  0]LogConfig: Setting CVar [[r.Shadow.DistanceScale:1.0]]
[2021.03.03-16.23.18:857][  0]LogConfig: Setting CVar [[r.Shadow.CSM.TransitionScale:1.0]]
[2021.03.03-16.23.18:857][  0]LogConfig: Setting CVar [[r.Shadow.PreShadowResolutionFactor:1.0]]
[2021.03.03-16.23.18:857][  0]LogConfig: Setting CVar [[r.DistanceFieldShadowing:1]]
[2021.03.03-16.23.18:857][  0]LogConfig: Setting CVar [[r.DistanceFieldAO:1]]
[2021.03.03-16.23.18:857][  0]LogConfig: Setting CVar [[r.AOQuality:2]]
[2021.03.03-16.23.18:857][  0]LogConfig: Setting CVar [[r.VolumetricFog:1]]
[2021.03.03-16.23.18:858][  0]LogConfig: Setting CVar [[r.VolumetricFog.GridPixelSize:8]]
[2021.03.03-16.23.18:858][  0]LogConfig: Setting CVar [[r.VolumetricFog.GridSizeZ:128]]
[2021.03.03-16.23.18:858][  0]LogConfig: Setting CVar [[r.VolumetricFog.HistoryMissSupersampleCount:4]]
[2021.03.03-16.23.18:858][  0]LogConfig: Setting CVar [[r.LightMaxDrawDistanceScale:1]]
[2021.03.03-16.23.18:858][  0]LogConfig: Setting CVar [[r.CapsuleShadows:1]]
[2021.03.03-16.23.18:858][  0]LogConfig: Applying CVar settings from Section [PostProcessQuality@3] File [D:/Unreal Projects/Git/FPS_GameProject/FPSProject/Saved/Config/Windows/Scalability.ini]
[2021.03.03-16.23.18:858][  0]LogConfig: Setting CVar [[r.MotionBlurQuality:4]]
[2021.03.03-16.23.18:858][  0]LogConfig: Setting CVar [[r.AmbientOcclusionMipLevelFactor:0.4]]
[2021.03.03-16.23.18:858][  0]LogConfig: Setting CVar [[r.AmbientOcclusionMaxQuality:100]]
[2021.03.03-16.23.18:858][  0]LogConfig: Setting CVar [[r.AmbientOcclusionLevels:-1]]
[2021.03.03-16.23.18:858][  0]LogConfig: Setting CVar [[r.AmbientOcclusionRadiusScale:1.0]]
[2021.03.03-16.23.18:858][  0]LogConfig: Setting CVar [[r.DepthOfFieldQuality:2]]
[2021.03.03-16.23.18:858][  0]LogConfig: Setting CVar [[r.RenderTargetPoolMin:400]]
[2021.03.03-16.23.18:858][  0]LogConfig: Setting CVar [[r.LensFlareQuality:2]]
[2021.03.03-16.23.18:858][  0]LogConfig: Setting CVar [[r.SceneColorFringeQuality:1]]
[2021.03.03-16.23.18:858][  0]LogConfig: Setting CVar [[r.EyeAdaptationQuality:2]]
[2021.03.03-16.23.18:858][  0]LogConfig: Setting CVar [[r.BloomQuality:5]]
[2021.03.03-16.23.18:858][  0]LogConfig: Setting CVar [[r.FastBlurThreshold:100]]
[2021.03.03-16.23.18:858][  0]LogConfig: Setting CVar [[r.Upscale.Quality:3]]
[2021.03.03-16.23.18:858][  0]LogConfig: Setting CVar [[r.Tonemapper.GrainQuantization:1]]
[2021.03.03-16.23.18:858][  0]LogConfig: Setting CVar [[r.LightShaftQuality:1]]
[2021.03.03-16.23.18:858][  0]LogConfig: Setting CVar [[r.Filter.SizeScale:1]]
[2021.03.03-16.23.18:858][  0]LogConfig: Setting CVar [[r.Tonemapper.Quality:5]]
[2021.03.03-16.23.18:858][  0]LogConfig: Setting CVar [[r.DOF.Gather.AccumulatorQuality:1        ; higher gathering accumulator quality]]
[2021.03.03-16.23.18:858][  0]LogConfig: Setting CVar [[r.DOF.Gather.PostfilterMethod:1          ; Median3x3 postfilering method]]
[2021.03.03-16.23.18:858][  0]LogConfig: Setting CVar [[r.DOF.Gather.EnableBokehSettings:0       ; no bokeh simulation when gathering]]
[2021.03.03-16.23.18:858][  0]LogConfig: Setting CVar [[r.DOF.Gather.RingCount:4                 ; medium number of samples when gathering]]
[2021.03.03-16.23.18:858][  0]LogConfig: Setting CVar [[r.DOF.Scatter.ForegroundCompositing:1    ; additive foreground scattering]]
[2021.03.03-16.23.18:858][  0]LogConfig: Setting CVar [[r.DOF.Scatter.BackgroundCompositing:2    ; additive background scattering]]
[2021.03.03-16.23.18:858][  0]LogConfig: Setting CVar [[r.DOF.Scatter.EnableBokehSettings:1      ; bokeh simulation when scattering]]
[2021.03.03-16.23.18:858][  0]LogConfig: Setting CVar [[r.DOF.Scatter.MaxSpriteRatio:0.1         ; only a maximum of 10% of scattered bokeh]]
[2021.03.03-16.23.18:858][  0]LogConfig: Setting CVar [[r.DOF.Recombine.Quality:1                ; cheap slight out of focus]]
[2021.03.03-16.23.18:858][  0]LogConfig: Setting CVar [[r.DOF.Recombine.EnableBokehSettings:0    ; no bokeh simulation on slight out of focus]]
[2021.03.03-16.23.18:858][  0]LogConfig: Setting CVar [[r.DOF.TemporalAAQuality:1                ; more stable temporal accumulation]]
[2021.03.03-16.23.18:858][  0]LogConfig: Setting CVar [[r.DOF.Kernel.MaxForegroundRadius:0.025]]
[2021.03.03-16.23.18:858][  0]LogConfig: Setting CVar [[r.DOF.Kernel.MaxBackgroundRadius:0.025]]
[2021.03.03-16.23.18:858][  0]LogConfig: Applying CVar settings from Section [TextureQuality@3] File [D:/Unreal Projects/Git/FPS_GameProject/FPSProject/Saved/Config/Windows/Scalability.ini]
[2021.03.03-16.23.18:858][  0]LogConfig: Setting CVar [[r.Streaming.MipBias:0]]
[2021.03.03-16.23.18:858][  0]LogConfig: Setting CVar [[r.Streaming.AmortizeCPUToGPUCopy:0]]
[2021.03.03-16.23.18:858][  0]LogConfig: Setting CVar [[r.Streaming.MaxNumTexturesToStreamPerFrame:0]]
[2021.03.03-16.23.18:858][  0]LogConfig: Setting CVar [[r.Streaming.Boost:1]]
[2021.03.03-16.23.18:858][  0]LogConfig: Setting CVar [[r.MaxAnisotropy:8]]
[2021.03.03-16.23.18:858][  0]LogConfig: Setting CVar [[r.VT.MaxAnisotropy:8]]
[2021.03.03-16.23.18:858][  0]LogConfig: Setting CVar [[r.Streaming.LimitPoolSizeToVRAM:0]]
[2021.03.03-16.23.18:858][  0]LogConfig: Setting CVar [[r.Streaming.PoolSize:1000]]
[2021.03.03-16.23.18:858][  0]LogConfig: Setting CVar [[r.Streaming.MaxEffectiveScreenSize:0]]
[2021.03.03-16.23.18:858][  0]LogConfig: Applying CVar settings from Section [EffectsQuality@3] File [D:/Unreal Projects/Git/FPS_GameProject/FPSProject/Saved/Config/Windows/Scalability.ini]
[2021.03.03-16.23.18:858][  0]LogConfig: Setting CVar [[r.TranslucencyLightingVolumeDim:64]]
[2021.03.03-16.23.18:858][  0]LogConfig: Setting CVar [[r.RefractionQuality:2]]
[2021.03.03-16.23.18:858][  0]LogConfig: Setting CVar [[r.SSR.Quality:3]]
[2021.03.03-16.23.18:858][  0]LogConfig: Setting CVar [[r.SSR.HalfResSceneColor:0]]
[2021.03.03-16.23.18:858][  0]LogConfig: Setting CVar [[r.SceneColorFormat:4]]
[2021.03.03-16.23.18:858][  0]LogConfig: Setting CVar [[r.DetailMode:2]]
[2021.03.03-16.23.18:858][  0]LogConfig: Setting CVar [[r.TranslucencyVolumeBlur:1]]
[2021.03.03-16.23.18:858][  0]LogConfig: Setting CVar [[r.MaterialQualityLevel:1 ; High quality]]
[2021.03.03-16.23.18:858][  0]LogConfig: Setting CVar [[r.SSS.Scale:1]]
[2021.03.03-16.23.18:858][  0]LogConfig: Setting CVar [[r.SSS.SampleSet:2]]
[2021.03.03-16.23.18:858][  0]LogConfig: Setting CVar [[r.SSS.Quality:1]]
[2021.03.03-16.23.18:858][  0]LogConfig: Setting CVar [[r.SSS.HalfRes:0]]
[2021.03.03-16.23.18:858][  0]LogConfig: Setting CVar [[r.SSGI.Quality:3]]
[2021.03.03-16.23.18:858][  0]LogConfig: Setting CVar [[r.EmitterSpawnRateScale:1.0]]
[2021.03.03-16.23.18:858][  0]LogConfig: Setting CVar [[r.ParticleLightQuality:2]]
[2021.03.03-16.23.18:858][  0]LogConfig: Setting CVar [[r.SkyAtmosphere.AerialPerspectiveLUT.FastApplyOnOpaque:1 ; Always have FastSkyLUT 1 in this case to avoid wrong sky]]
[2021.03.03-16.23.18:858][  0]LogConfig: Setting CVar [[r.SkyAtmosphere.AerialPerspectiveLUT.SampleCountPerSlice:1]]
[2021.03.03-16.23.18:858][  0]LogConfig: Setting CVar [[r.SkyAtmosphere.AerialPerspectiveLUT.DepthResolution:16.0]]
[2021.03.03-16.23.18:858][  0]LogConfig: Setting CVar [[r.SkyAtmosphere.FastSkyLUT:1]]
[2021.03.03-16.23.18:858][  0]LogConfig: Setting CVar [[r.SkyAtmosphere.FastSkyLUT.SampleCountMin:4.0]]
[2021.03.03-16.23.18:858][  0]LogConfig: Setting CVar [[r.SkyAtmosphere.FastSkyLUT.SampleCountMax:32.0]]
[2021.03.03-16.23.18:859][  0]LogConfig: Setting CVar [[r.SkyAtmosphere.SampleCountMin:4.0]]
[2021.03.03-16.23.18:859][  0]LogConfig: Setting CVar [[r.SkyAtmosphere.SampleCountMax:32.0]]
[2021.03.03-16.23.18:859][  0]LogConfig: Setting CVar [[r.SkyAtmosphere.TransmittanceLUT.UseSmallFormat:0]]
[2021.03.03-16.23.18:859][  0]LogConfig: Setting CVar [[r.SkyAtmosphere.TransmittanceLUT.SampleCount:10.0]]
[2021.03.03-16.23.18:859][  0]LogConfig: Setting CVar [[r.SkyAtmosphere.MultiScatteringLUT.SampleCount:15.0]]
[2021.03.03-16.23.18:859][  0]LogConfig: Applying CVar settings from Section [FoliageQuality@3] File [D:/Unreal Projects/Git/FPS_GameProject/FPSProject/Saved/Config/Windows/Scalability.ini]
[2021.03.03-16.23.18:859][  0]LogConfig: Setting CVar [[foliage.DensityScale:1.0]]
[2021.03.03-16.23.18:859][  0]LogConfig: Setting CVar [[grass.DensityScale:1.0]]
[2021.03.03-16.23.18:859][  0]LogConfig: Applying CVar settings from Section [ShadingQuality@3] File [D:/Unreal Projects/Git/FPS_GameProject/FPSProject/Saved/Config/Windows/Scalability.ini]
[2021.03.03-16.23.18:859][  0]LogConfig: Setting CVar [[r.HairStrands.SkyLighting.SampleCount:16]]
[2021.03.03-16.23.18:859][  0]LogConfig: Setting CVar [[r.HairStrands.SkyLighting.JitterIntegration:0]]
[2021.03.03-16.23.18:859][  0]LogConfig: Setting CVar [[r.HairStrands.SkyAO.SampleCount:16]]
[2021.03.03-16.23.18:859][  0]LogConfig: Setting CVar [[r.HairStrands.DeepShadow.SuperSampling:0]]
[2021.03.03-16.23.18:859][  0]LogConfig: Setting CVar [[r.HairStrands.VisibilityPPLL:0]]
[2021.03.03-16.23.18:859][  0]LogConfig: Setting CVar [[r.HairStrands.RasterizationScale:0.5]]
[2021.03.03-16.23.18:859][  0]LogConfig: Setting CVar [[r.HairStrands.VelocityRasterizationScale:1]]
[2021.03.03-16.23.18:859][  0]LogInit: Selected Device Profile: [Windows]
[2021.03.03-16.23.18:859][  0]LogInit: Applying CVar settings loaded from the selected device profile: [Windows]
[2021.03.03-16.23.18:859][  0]LogHAL: Display: Platform has ~ 16 GB [17124409344 / 17179869184 / 16], which maps to Larger [LargestMinGB=32, LargerMinGB=12, DefaultMinGB=8, SmallerMinGB=6, SmallestMinGB=0)
[2021.03.03-16.23.18:859][  0]LogInit: Going up to parent DeviceProfile []
[2021.03.03-16.23.18:859][  0]LogConfig: Applying CVar settings from Section [ViewDistanceQuality@3] File [D:/Unreal Projects/Git/FPS_GameProject/FPSProject/Saved/Config/Windows/Scalability.ini]
[2021.03.03-16.23.18:859][  0]LogConfig: Setting CVar [[r.SkeletalMeshLODBias:0]]
[2021.03.03-16.23.18:859][  0]LogConfig: Setting CVar [[r.ViewDistanceScale:1.0]]
[2021.03.03-16.23.18:859][  0]LogConfig: Applying CVar settings from Section [AntiAliasingQuality@3] File [D:/Unreal Projects/Git/FPS_GameProject/FPSProject/Saved/Config/Windows/Scalability.ini]
[2021.03.03-16.23.18:859][  0]LogConfig: Setting CVar [[r.PostProcessAAQuality:4]]
[2021.03.03-16.23.18:859][  0]LogConfig: Applying CVar settings from Section [ShadowQuality@3] File [D:/Unreal Projects/Git/FPS_GameProject/FPSProject/Saved/Config/Windows/Scalability.ini]
[2021.03.03-16.23.18:859][  0]LogConfig: Setting CVar [[r.LightFunctionQuality:1]]
[2021.03.03-16.23.18:859][  0]LogConfig: Setting CVar [[r.ShadowQuality:5]]
[2021.03.03-16.23.18:859][  0]LogConfig: Setting CVar [[r.Shadow.CSM.MaxCascades:10]]
[2021.03.03-16.23.18:859][  0]LogConfig: Setting CVar [[r.Shadow.MaxResolution:2048]]
[2021.03.03-16.23.18:859][  0]LogConfig: Setting CVar [[r.Shadow.MaxCSMResolution:2048]]
[2021.03.03-16.23.18:859][  0]LogConfig: Setting CVar [[r.Shadow.RadiusThreshold:0.01]]
[2021.03.03-16.23.18:859][  0]LogConfig: Setting CVar [[r.Shadow.DistanceScale:1.0]]
[2021.03.03-16.23.18:859][  0]LogConfig: Setting CVar [[r.Shadow.CSM.TransitionScale:1.0]]
[2021.03.03-16.23.18:859][  0]LogConfig: Setting CVar [[r.Shadow.PreShadowResolutionFactor:1.0]]
[2021.03.03-16.23.18:859][  0]LogConfig: Setting CVar [[r.DistanceFieldShadowing:1]]
[2021.03.03-16.23.18:859][  0]LogConfig: Setting CVar [[r.DistanceFieldAO:1]]
[2021.03.03-16.23.18:859][  0]LogConfig: Setting CVar [[r.AOQuality:2]]
[2021.03.03-16.23.18:859][  0]LogConfig: Setting CVar [[r.VolumetricFog:1]]
[2021.03.03-16.23.18:859][  0]LogConfig: Setting CVar [[r.VolumetricFog.GridPixelSize:8]]
[2021.03.03-16.23.18:859][  0]LogConfig: Setting CVar [[r.VolumetricFog.GridSizeZ:128]]
[2021.03.03-16.23.18:859][  0]LogConfig: Setting CVar [[r.VolumetricFog.HistoryMissSupersampleCount:4]]
[2021.03.03-16.23.18:859][  0]LogConfig: Setting CVar [[r.LightMaxDrawDistanceScale:1]]
[2021.03.03-16.23.18:859][  0]LogConfig: Setting CVar [[r.CapsuleShadows:1]]
[2021.03.03-16.23.18:859][  0]LogConfig: Applying CVar settings from Section [PostProcessQuality@3] File [D:/Unreal Projects/Git/FPS_GameProject/FPSProject/Saved/Config/Windows/Scalability.ini]
[2021.03.03-16.23.18:859][  0]LogConfig: Setting CVar [[r.MotionBlurQuality:4]]
[2021.03.03-16.23.18:859][  0]LogConfig: Setting CVar [[r.AmbientOcclusionMipLevelFactor:0.4]]
[2021.03.03-16.23.18:859][  0]LogConfig: Setting CVar [[r.AmbientOcclusionMaxQuality:100]]
[2021.03.03-16.23.18:859][  0]LogConfig: Setting CVar [[r.AmbientOcclusionLevels:-1]]
[2021.03.03-16.23.18:859][  0]LogConfig: Setting CVar [[r.AmbientOcclusionRadiusScale:1.0]]
[2021.03.03-16.23.18:859][  0]LogConfig: Setting CVar [[r.DepthOfFieldQuality:2]]
[2021.03.03-16.23.18:859][  0]LogConfig: Setting CVar [[r.RenderTargetPoolMin:400]]
[2021.03.03-16.23.18:859][  0]LogConfig: Setting CVar [[r.LensFlareQuality:2]]
[2021.03.03-16.23.18:859][  0]LogConfig: Setting CVar [[r.SceneColorFringeQuality:1]]
[2021.03.03-16.23.18:859][  0]LogConfig: Setting CVar [[r.EyeAdaptationQuality:2]]
[2021.03.03-16.23.18:859][  0]LogConfig: Setting CVar [[r.BloomQuality:5]]
[2021.03.03-16.23.18:859][  0]LogConfig: Setting CVar [[r.FastBlurThreshold:100]]
[2021.03.03-16.23.18:859][  0]LogConfig: Setting CVar [[r.Upscale.Quality:3]]
[2021.03.03-16.23.18:859][  0]LogConfig: Setting CVar [[r.Tonemapper.GrainQuantization:1]]
[2021.03.03-16.23.18:859][  0]LogConfig: Setting CVar [[r.LightShaftQuality:1]]
[2021.03.03-16.23.18:859][  0]LogConfig: Setting CVar [[r.Filter.SizeScale:1]]
[2021.03.03-16.23.18:860][  0]LogConfig: Setting CVar [[r.Tonemapper.Quality:5]]
[2021.03.03-16.23.18:860][  0]LogConfig: Setting CVar [[r.DOF.Gather.AccumulatorQuality:1        ; higher gathering accumulator quality]]
[2021.03.03-16.23.18:860][  0]LogConfig: Setting CVar [[r.DOF.Gather.PostfilterMethod:1          ; Median3x3 postfilering method]]
[2021.03.03-16.23.18:860][  0]LogConfig: Setting CVar [[r.DOF.Gather.EnableBokehSettings:0       ; no bokeh simulation when gathering]]
[2021.03.03-16.23.18:860][  0]LogConfig: Setting CVar [[r.DOF.Gather.RingCount:4                 ; medium number of samples when gathering]]
[2021.03.03-16.23.18:860][  0]LogConfig: Setting CVar [[r.DOF.Scatter.ForegroundCompositing:1    ; additive foreground scattering]]
[2021.03.03-16.23.18:860][  0]LogConfig: Setting CVar [[r.DOF.Scatter.BackgroundCompositing:2    ; additive background scattering]]
[2021.03.03-16.23.18:860][  0]LogConfig: Setting CVar [[r.DOF.Scatter.EnableBokehSettings:1      ; bokeh simulation when scattering]]
[2021.03.03-16.23.18:860][  0]LogConfig: Setting CVar [[r.DOF.Scatter.MaxSpriteRatio:0.1         ; only a maximum of 10% of scattered bokeh]]
[2021.03.03-16.23.18:860][  0]LogConfig: Setting CVar [[r.DOF.Recombine.Quality:1                ; cheap slight out of focus]]
[2021.03.03-16.23.18:860][  0]LogConfig: Setting CVar [[r.DOF.Recombine.EnableBokehSettings:0    ; no bokeh simulation on slight out of focus]]
[2021.03.03-16.23.18:860][  0]LogConfig: Setting CVar [[r.DOF.TemporalAAQuality:1                ; more stable temporal accumulation]]
[2021.03.03-16.23.18:860][  0]LogConfig: Setting CVar [[r.DOF.Kernel.MaxForegroundRadius:0.025]]
[2021.03.03-16.23.18:860][  0]LogConfig: Setting CVar [[r.DOF.Kernel.MaxBackgroundRadius:0.025]]
[2021.03.03-16.23.18:860][  0]LogConfig: Applying CVar settings from Section [TextureQuality@3] File [D:/Unreal Projects/Git/FPS_GameProject/FPSProject/Saved/Config/Windows/Scalability.ini]
[2021.03.03-16.23.18:860][  0]LogConfig: Setting CVar [[r.Streaming.MipBias:0]]
[2021.03.03-16.23.18:860][  0]LogConfig: Setting CVar [[r.Streaming.AmortizeCPUToGPUCopy:0]]
[2021.03.03-16.23.18:860][  0]LogConfig: Setting CVar [[r.Streaming.MaxNumTexturesToStreamPerFrame:0]]
[2021.03.03-16.23.18:860][  0]LogConfig: Setting CVar [[r.Streaming.Boost:1]]
[2021.03.03-16.23.18:860][  0]LogConfig: Setting CVar [[r.MaxAnisotropy:8]]
[2021.03.03-16.23.18:860][  0]LogConfig: Setting CVar [[r.VT.MaxAnisotropy:8]]
[2021.03.03-16.23.18:860][  0]LogConfig: Setting CVar [[r.Streaming.LimitPoolSizeToVRAM:0]]
[2021.03.03-16.23.18:860][  0]LogConfig: Setting CVar [[r.Streaming.PoolSize:1000]]
[2021.03.03-16.23.18:860][  0]LogConfig: Setting CVar [[r.Streaming.MaxEffectiveScreenSize:0]]
[2021.03.03-16.23.18:860][  0]LogConfig: Applying CVar settings from Section [EffectsQuality@3] File [D:/Unreal Projects/Git/FPS_GameProject/FPSProject/Saved/Config/Windows/Scalability.ini]
[2021.03.03-16.23.18:860][  0]LogConfig: Setting CVar [[r.TranslucencyLightingVolumeDim:64]]
[2021.03.03-16.23.18:860][  0]LogConfig: Setting CVar [[r.RefractionQuality:2]]
[2021.03.03-16.23.18:860][  0]LogConfig: Setting CVar [[r.SSR.Quality:3]]
[2021.03.03-16.23.18:860][  0]LogConfig: Setting CVar [[r.SSR.HalfResSceneColor:0]]
[2021.03.03-16.23.18:860][  0]LogConfig: Setting CVar [[r.SceneColorFormat:4]]
[2021.03.03-16.23.18:860][  0]LogConfig: Setting CVar [[r.DetailMode:2]]
[2021.03.03-16.23.18:860][  0]LogConfig: Setting CVar [[r.TranslucencyVolumeBlur:1]]
[2021.03.03-16.23.18:860][  0]LogConfig: Setting CVar [[r.MaterialQualityLevel:1 ; High quality]]
[2021.03.03-16.23.18:860][  0]LogConfig: Setting CVar [[r.SSS.Scale:1]]
[2021.03.03-16.23.18:860][  0]LogConfig: Setting CVar [[r.SSS.SampleSet:2]]
[2021.03.03-16.23.18:860][  0]LogConfig: Setting CVar [[r.SSS.Quality:1]]
[2021.03.03-16.23.18:860][  0]LogConfig: Setting CVar [[r.SSS.HalfRes:0]]
[2021.03.03-16.23.18:860][  0]LogConfig: Setting CVar [[r.SSGI.Quality:3]]
[2021.03.03-16.23.18:860][  0]LogConfig: Setting CVar [[r.EmitterSpawnRateScale:1.0]]
[2021.03.03-16.23.18:860][  0]LogConfig: Setting CVar [[r.ParticleLightQuality:2]]
[2021.03.03-16.23.18:860][  0]LogConfig: Setting CVar [[r.SkyAtmosphere.AerialPerspectiveLUT.FastApplyOnOpaque:1 ; Always have FastSkyLUT 1 in this case to avoid wrong sky]]
[2021.03.03-16.23.18:860][  0]LogConfig: Setting CVar [[r.SkyAtmosphere.AerialPerspectiveLUT.SampleCountPerSlice:1]]
[2021.03.03-16.23.18:860][  0]LogConfig: Setting CVar [[r.SkyAtmosphere.AerialPerspectiveLUT.DepthResolution:16.0]]
[2021.03.03-16.23.18:860][  0]LogConfig: Setting CVar [[r.SkyAtmosphere.FastSkyLUT:1]]
[2021.03.03-16.23.18:860][  0]LogConfig: Setting CVar [[r.SkyAtmosphere.FastSkyLUT.SampleCountMin:4.0]]
[2021.03.03-16.23.18:860][  0]LogConfig: Setting CVar [[r.SkyAtmosphere.FastSkyLUT.SampleCountMax:32.0]]
[2021.03.03-16.23.18:860][  0]LogConfig: Setting CVar [[r.SkyAtmosphere.SampleCountMin:4.0]]
[2021.03.03-16.23.18:860][  0]LogConfig: Setting CVar [[r.SkyAtmosphere.SampleCountMax:32.0]]
[2021.03.03-16.23.18:860][  0]LogConfig: Setting CVar [[r.SkyAtmosphere.TransmittanceLUT.UseSmallFormat:0]]
[2021.03.03-16.23.18:860][  0]LogConfig: Setting CVar [[r.SkyAtmosphere.TransmittanceLUT.SampleCount:10.0]]
[2021.03.03-16.23.18:860][  0]LogConfig: Setting CVar [[r.SkyAtmosphere.MultiScatteringLUT.SampleCount:15.0]]
[2021.03.03-16.23.18:860][  0]LogConfig: Applying CVar settings from Section [FoliageQuality@3] File [D:/Unreal Projects/Git/FPS_GameProject/FPSProject/Saved/Config/Windows/Scalability.ini]
[2021.03.03-16.23.18:860][  0]LogConfig: Setting CVar [[foliage.DensityScale:1.0]]
[2021.03.03-16.23.18:860][  0]LogConfig: Setting CVar [[grass.DensityScale:1.0]]
[2021.03.03-16.23.18:860][  0]LogConfig: Applying CVar settings from Section [ShadingQuality@3] File [D:/Unreal Projects/Git/FPS_GameProject/FPSProject/Saved/Config/Windows/Scalability.ini]
[2021.03.03-16.23.18:860][  0]LogConfig: Setting CVar [[r.HairStrands.SkyLighting.SampleCount:16]]
[2021.03.03-16.23.18:860][  0]LogConfig: Setting CVar [[r.HairStrands.SkyLighting.JitterIntegration:0]]
[2021.03.03-16.23.18:860][  0]LogConfig: Setting CVar [[r.HairStrands.SkyAO.SampleCount:16]]
[2021.03.03-16.23.18:860][  0]LogConfig: Setting CVar [[r.HairStrands.DeepShadow.SuperSampling:0]]
[2021.03.03-16.23.18:860][  0]LogConfig: Setting CVar [[r.HairStrands.VisibilityPPLL:0]]
[2021.03.03-16.23.18:860][  0]LogConfig: Setting CVar [[r.HairStrands.RasterizationScale:0.5]]
[2021.03.03-16.23.18:860][  0]LogConfig: Setting CVar [[r.HairStrands.VelocityRasterizationScale:1]]
[2021.03.03-16.23.18:860][  0]LogConfig: Applying CVar settings from Section [Startup] File [../../../Engine/Config/ConsoleVariables.ini]
[2021.03.03-16.23.18:861][  0]LogConfig: Setting CVar [[net.UseAdaptiveNetUpdateFrequency:0]]
[2021.03.03-16.23.18:861][  0]LogConfig: Setting CVar [[p.chaos.AllowCreatePhysxBodies:1]]
[2021.03.03-16.23.18:861][  0]LogConfig: Setting CVar [[fx.SkipVectorVMBackendOptimizations:1]]
[2021.03.03-16.23.18:861][  0]LogConfig: Applying CVar settings from Section [ConsoleVariables] File [D:/Unreal Projects/Git/FPS_GameProject/FPSProject/Saved/Config/Windows/Engine.ini]
[2021.03.03-16.23.18:861][  0]LogInit: Computer: DESKTOP-U1ONKED
[2021.03.03-16.23.18:861][  0]LogInit: User: GwangHyung
[2021.03.03-16.23.18:861][  0]LogInit: CPU Page size=4096, Cores=8
[2021.03.03-16.23.18:861][  0]LogInit: High frequency timer resolution =10.000000 MHz
[2021.03.03-16.23.18:861][  0]LogMemory: Memory total: Physical=15.9GB (16GB approx)
[2021.03.03-16.23.18:861][  0]LogMemory: Platform Memory Stats for Windows
[2021.03.03-16.23.18:861][  0]LogMemory: Process Physical Memory: 119.37 MB used, 119.38 MB peak
[2021.03.03-16.23.18:861][  0]LogMemory: Process Virtual Memory: 98.39 MB used, 98.39 MB peak
[2021.03.03-16.23.18:861][  0]LogMemory: Physical Memory: 8739.98 MB used,  7591.13 MB free, 16331.11 MB total
[2021.03.03-16.23.18:861][  0]LogMemory: Virtual Memory: 5186.73 MB used,  134212544.00 MB free, 134217728.00 MB total
[2021.03.03-16.23.18:878][  0]LogWindows: WindowsPlatformFeatures enabled
[2021.03.03-16.23.19:299][  0]LogInit: Physics initialised using underlying interface: PhysX
[2021.03.03-16.23.19:300][  0]LogInit: Using OS detected language (ko-KR).
[2021.03.03-16.23.19:301][  0]LogInit: Using OS detected locale (ko-KR).
[2021.03.03-16.23.19:304][  0]LogTextLocalizationManager: No specific localization for 'ko-KR' exists, so the 'ko' localization will be used.
[2021.03.03-16.23.19:423][  0]LogInit: Setting process to per monitor DPI aware
[2021.03.03-16.23.19:509][  0]LogSlate: New Slate User Created.  User Index 0, Is Virtual User: 0
[2021.03.03-16.23.19:510][  0]LogSlate: Slate User Registered.  User Index 0, Is Virtual User: 0
[2021.03.03-16.23.19:880][  0]LogHMD: Failed to initialize OpenVR with code 110
[2021.03.03-16.23.19:880][  0]LogD3D11RHI: D3D11 min allowed feature level: 11_0
[2021.03.03-16.23.19:880][  0]LogD3D11RHI: D3D11 max allowed feature level: 11_0
[2021.03.03-16.23.19:880][  0]LogD3D11RHI: D3D11 adapters:
[2021.03.03-16.23.20:007][  0]LogD3D11RHI:    0. 'NVIDIA GeForce GTX 1060 3GB' (Feature Level 11_0)
[2021.03.03-16.23.20:007][  0]LogD3D11RHI:       2988/0/8165 MB DedicatedVideo/DedicatedSystem/SharedSystem, Outputs:2, VendorId:0x10de
[2021.03.03-16.23.20:011][  0]LogD3D11RHI:    1. 'Microsoft Basic Render Driver' (Feature Level 11_0)
[2021.03.03-16.23.20:011][  0]LogD3D11RHI:       0/0/8165 MB DedicatedVideo/DedicatedSystem/SharedSystem, Outputs:0, VendorId:0x1414
[2021.03.03-16.23.20:011][  0]LogD3D11RHI: Chosen D3D11 Adapter: 0
[2021.03.03-16.23.20:024][  0]LogD3D11RHI: Creating new Direct3DDevice
[2021.03.03-16.23.20:024][  0]LogD3D11RHI:     GPU DeviceId: 0x1c02 (for the marketing name, search the web for "GPU Device Id")
[2021.03.03-16.23.20:024][  0]LogWindows: EnumDisplayDevices:
[2021.03.03-16.23.20:025][  0]LogWindows:    0. 'NVIDIA GeForce GTX 1060 3GB' (P:1 D:1)
[2021.03.03-16.23.20:027][  0]LogWindows:    1. 'NVIDIA GeForce GTX 1060 3GB' (P:0 D:1)
[2021.03.03-16.23.20:028][  0]LogWindows:    2. 'NVIDIA GeForce GTX 1060 3GB' (P:0 D:0)
[2021.03.03-16.23.20:030][  0]LogWindows:    3. 'NVIDIA GeForce GTX 1060 3GB' (P:0 D:0)
[2021.03.03-16.23.20:032][  0]LogWindows: DebugString: FoundDriverCount:4 
[2021.03.03-16.23.20:032][  0]LogD3D11RHI:     Adapter Name: NVIDIA GeForce GTX 1060 3GB
[2021.03.03-16.23.20:032][  0]LogD3D11RHI:   Driver Version: 456.71 (internal:27.21.14.5671, unified:456.71)
[2021.03.03-16.23.20:032][  0]LogD3D11RHI:      Driver Date: 9-30-2020
[2021.03.03-16.23.20:032][  0]LogRHI: Texture pool is 2091 MB (70% of 2988 MB)
[2021.03.03-16.23.20:109][  0]LogD3D11RHI: RHI has support for 64 bit atomics
[2021.03.03-16.23.20:109][  0]LogD3D11RHI: Async texture creation enabled
[2021.03.03-16.23.20:109][  0]LogD3D11RHI: Array index from any shader is supported
[2021.03.03-16.23.20:136][  0]LogD3D11RHI: GPU Timing Frequency: 1000.000000 (Debug: 2 1)
[2021.03.03-16.23.20:660][  0]LogTargetPlatformManager: Display: Loaded TargetPlatform 'AllDesktop'
[2021.03.03-16.23.20:691][  0]LogTargetPlatformManager: Display: Loaded TargetPlatform 'Android'
[2021.03.03-16.23.20:691][  0]LogTargetPlatformManager: Display: Loaded TargetPlatform 'Android_ASTC'
[2021.03.03-16.23.20:691][  0]LogTargetPlatformManager: Display: Loaded TargetPlatform 'Android_DXT'
[2021.03.03-16.23.20:691][  0]LogTargetPlatformManager: Display: Loaded TargetPlatform 'Android_ETC2'
[2021.03.03-16.23.20:691][  0]LogTargetPlatformManager: Display: Loaded TargetPlatform 'AndroidClient'
[2021.03.03-16.23.20:691][  0]LogTargetPlatformManager: Display: Loaded TargetPlatform 'Android_ASTCClient'
[2021.03.03-16.23.20:691][  0]LogTargetPlatformManager: Display: Loaded TargetPlatform 'Android_DXTClient'
[2021.03.03-16.23.20:691][  0]LogTargetPlatformManager: Display: Loaded TargetPlatform 'Android_ETC2Client'
[2021.03.03-16.23.20:691][  0]LogTargetPlatformManager: Display: Loaded TargetPlatform 'Android_Multi'
[2021.03.03-16.23.20:691][  0]LogTargetPlatformManager: Display: Loaded TargetPlatform 'Android_MultiClient'
[2021.03.03-16.23.20:738][  0]LogTargetPlatformManager: Display: Loaded TargetPlatform 'IOSClient'
[2021.03.03-16.23.20:738][  0]LogTargetPlatformManager: Display: Loaded TargetPlatform 'IOS'
[2021.03.03-16.23.20:755][  0]LogTargetPlatformManager: Display: Loaded TargetPlatform 'Linux'
[2021.03.03-16.23.20:770][  0]LogTargetPlatformManager: Display: Loaded TargetPlatform 'LinuxNoEditor'
[2021.03.03-16.23.20:786][  0]LogTargetPlatformManager: Display: Loaded TargetPlatform 'LinuxClient'
[2021.03.03-16.23.20:802][  0]LogTargetPlatformManager: Display: Loaded TargetPlatform 'LinuxServer'
[2021.03.03-16.23.20:817][  0]LogTargetPlatformManager: Display: Loaded TargetPlatform 'LinuxAArch64NoEditor'
[2021.03.03-16.23.20:833][  0]LogTargetPlatformManager: Display: Loaded TargetPlatform 'LinuxAArch64Client'
[2021.03.03-16.23.20:849][  0]LogTargetPlatformManager: Display: Loaded TargetPlatform 'LinuxAArch64Server'
[2021.03.03-16.23.20:895][  0]LogTargetPlatformManager: Display: Loaded TargetPlatform 'Lumin'
[2021.03.03-16.23.20:895][  0]LogTargetPlatformManager: Display: Loaded TargetPlatform 'LuminClient'
[2021.03.03-16.23.20:919][  0]LogTargetPlatformManager: Display: Loaded TargetPlatform 'TVOSClient'
[2021.03.03-16.23.20:920][  0]LogTargetPlatformManager: Display: Loaded TargetPlatform 'TVOS'
[2021.03.03-16.23.20:984][  0]LogTargetPlatformManager: Display: Loaded TargetPlatform 'WindowsNoEditor'
[2021.03.03-16.23.21:000][  0]LogTargetPlatformManager: Display: Loaded TargetPlatform 'Windows'
[2021.03.03-16.23.21:113][  0]LogTargetPlatformManager: Display: Loaded TargetPlatform 'WindowsClient'
[2021.03.03-16.23.21:129][  0]LogTargetPlatformManager: Display: Loaded TargetPlatform 'WindowsServer'
[2021.03.03-16.23.21:129][  0]LogTargetPlatformManager: Display: Building Assets For Windows
[2021.03.03-16.23.21:148][  0]LogAudioDebug: Display: Lib vorbis DLL was dynamically loaded.
[2021.03.03-16.23.21:308][  0]LogShaderCompilers: Guid format shader working directory is -38 characters bigger than the processId version (../../../../Unreal Projects/Git/FPS_GameProject/FPSProject/Intermediate/Shaders/WorkingDirectory/8180/).
[2021.03.03-16.23.21:309][  0]LogShaderCompilers: Cleaned the shader compiler working directory 'C:/Temp/UnrealShaderWorkingDir/F486E2E04CAF487568E1FA86F5321F21/'.
[2021.03.03-16.23.21:310][  0]LogXGEController: Cannot use XGE Controller as Incredibuild is not installed on this machine.
[2021.03.03-16.23.21:310][  0]LogShaderCompilers: Cannot use XGE Shader Compiler as Incredibuild is not installed on this machine.
[2021.03.03-16.23.21:310][  0]LogShaderCompilers: Display: Using Local Shader Compiler.
[2021.03.03-16.23.22:266][  0]LogDerivedDataCache: Display: Max Cache Size: 512 MB
[2021.03.03-16.23.22:322][  0]LogDerivedDataCache: Loaded boot cache 0.06s 75MB C:/Users/조광형/AppData/Local/UnrealEngine/4.25/DerivedDataCache/Boot.ddc.
[2021.03.03-16.23.22:322][  0]LogDerivedDataCache: Display: Loaded Boot cache: C:/Users/조광형/AppData/Local/UnrealEngine/4.25/DerivedDataCache/Boot.ddc
[2021.03.03-16.23.22:322][  0]LogDerivedDataCache: FDerivedDataBackendGraph:  Pak pak cache file ../../../../Unreal Projects/Git/FPS_GameProject/FPSProject/DerivedDataCache/DDC.ddp not found, will not use a pak cache.
[2021.03.03-16.23.22:322][  0]LogDerivedDataCache: Unable to find inner node Pak for hierarchical cache Hierarchy.
[2021.03.03-16.23.22:322][  0]LogDerivedDataCache: FDerivedDataBackendGraph:  CompressedPak pak cache file ../../../../Unreal Projects/Git/FPS_GameProject/FPSProject/DerivedDataCache/Compressed.ddp not found, will not use a pak cache.
[2021.03.03-16.23.22:322][  0]LogDerivedDataCache: Unable to find inner node CompressedPak for hierarchical cache Hierarchy.
[2021.03.03-16.23.22:334][  0]LogDerivedDataCache: Display: Pak cache opened for reading ../../../Engine/DerivedDataCache/Compressed.ddp.
[2021.03.03-16.23.22:334][  0]LogDerivedDataCache: FDerivedDataBackendGraph:  EnterprisePak pak cache file ../../../Enterprise/DerivedDataCache/Compressed.ddp not found, will not use a pak cache.
[2021.03.03-16.23.22:334][  0]LogDerivedDataCache: Unable to find inner node EnterprisePak for hierarchical cache Hierarchy.
[2021.03.03-16.23.22:337][  0]LogDerivedDataCache: Using Local data cache path C:/Users/조광형/AppData/Local/UnrealEngine/Common/DerivedDataCache: Writable
[2021.03.03-16.23.22:337][  0]LogDerivedDataCache: Shared data cache path not found in *engine.ini, will not use an Shared cache.
[2021.03.03-16.23.22:337][  0]LogDerivedDataCache: Unable to find inner node Shared for hierarchical cache Hierarchy.
[2021.03.03-16.23.22:396][  0]LogSlate: Using FreeType 2.10.0
[2021.03.03-16.23.22:397][  0]LogSlate: SlateFontServices - WITH_FREETYPE: 1, WITH_HARFBUZZ: 1
[2021.03.03-16.23.22:429][  0]LogAssetRegistry: FAssetRegistry took 0.0030 seconds to start up
[2021.03.03-16.23.22:687][  0]LogInit: Selected Device Profile: [Windows]
[2021.03.03-16.23.23:077][  0]LogMeshReduction: Using QuadricMeshReduction for automatic static mesh reduction
[2021.03.03-16.23.23:077][  0]LogMeshReduction: Using SimplygonMeshReduction for automatic skeletal mesh reduction
[2021.03.03-16.23.23:077][  0]LogMeshReduction: Using ProxyLODMeshReduction for automatic mesh merging
[2021.03.03-16.23.23:077][  0]LogMeshReduction: No distributed automatic mesh merging module available
[2021.03.03-16.23.23:077][  0]LogMeshMerging: No distributed automatic mesh merging module available
[2021.03.03-16.23.23:103][  0]LogNetVersion: FPSProject 1.0.0, NetCL: 13144385, EngineNetVer: 14, GameNetVer: 0 (Checksum: 3539731597)
[2021.03.03-16.23.23:612][  0]LogAISub: UAISubsystem::UAISubsystem AISubsystem (000002B967E45BC0), frame # 0
[2021.03.03-16.23.23:612][  0]LogAISub: UAISubsystem::UAISubsystem AIPerceptionSystem (000002B968D9EAC0), frame # 0
[2021.03.03-16.23.23:613][  0]LogAISub: UAISubsystem::UAISubsystem EnvQueryManager (000002B968DDE000), frame # 0
[2021.03.03-16.23.23:736][  0]LogPackageLocalizationCache: Processed 19 localized package path(s) for 1 prioritized culture(s) in 0.115100 seconds
[2021.03.03-16.23.23:742][  0]LogUObjectArray: 15918 objects as part of root set at end of initial load.
[2021.03.03-16.23.23:742][  0]LogUObjectAllocator: 3965776 out of 0 bytes used by permanent object pool.
[2021.03.03-16.23.23:742][  0]LogUObjectArray: CloseDisregardForGC: 0/0 objects in disregard for GC pool
[2021.03.03-16.23.24:682][  0]LogTcpMessaging: Initializing TcpMessaging bridge
[2021.03.03-16.23.24:775][  0]LogUdpMessaging: Initializing bridge on interface 0.0.0.0:0 to multicast group 230.0.0.1:6666.
[2021.03.03-16.23.25:297][  0]SourceControl: 소스 컨트롤이 꺼졌습니다.
[2021.03.03-16.23.25:297][  0]SourceControl: 소스 컨트롤이 꺼졌습니다.
[2021.03.03-16.23.25:304][  0]SourceControl: 소스 컨트롤이 꺼졌습니다.
[2021.03.03-16.23.25:311][  0]SourceControl: 소스 컨트롤이 꺼졌습니다.
[2021.03.03-16.23.25:337][  0]SourceControl: 소스 컨트롤이 꺼졌습니다.
[2021.03.03-16.23.25:932][  0]LogAndroidPermission: UAndroidPermissionCallbackProxy::GetInstance
[2021.03.03-16.23.25:978][  0]LogAudioCaptureCore: Display: No Audio Capture implementations found. Audio input will be silent.
[2021.03.03-16.23.25:978][  0]LogAudioCaptureCore: Display: No Audio Capture implementations found. Audio input will be silent.
[2021.03.03-16.23.26:068][  0]LogOcInput: OculusInput pre-init called
[2021.03.03-16.23.26:090][  0]LogWindows: Failed to load 'OVRPlugin.dll' (GetLastError=126)
[2021.03.03-16.23.26:090][  0]LogWindows: File 'OVRPlugin.dll' does not exist
[2021.03.03-16.23.26:190][  0]LogEngine: Initializing Engine...
[2021.03.03-16.23.26:193][  0]LogHMD: Failed to initialize OpenVR with code 110
[2021.03.03-16.23.26:193][  0]LogMagicLeap: Warning: VR disabled because ZI is not enabled.  To enable, in the editor, Edit -> Project Settings -> Plugins -> Magic Leap Plugin -> Enable Zero Iteration
[2021.03.03-16.23.26:194][  0]LogStats: UGameplayTagsManager::InitializeManager -  0.000 s
[2021.03.03-16.23.26:324][  0]LogInit: Initializing FReadOnlyCVARCache
[2021.03.03-16.23.26:337][  0]LogAIModule: Creating AISystem for world Untitled
[2021.03.03-16.23.26:337][  0]LogAISub: UAISubsystem::UAISubsystem EnvQueryManager (000002B96B078800), frame # 0
[2021.03.03-16.23.26:337][  0]LogAISub: UAISubsystem::UAISubsystem AIPerceptionSystem (000002B96B6491C0), frame # 0
[2021.03.03-16.23.26:347][  0]LogAudioMixer: Display: Audio Mixer Platform Settings:
[2021.03.03-16.23.26:347][  0]LogAudioMixer: Display: 	Sample Rate:						  48000
[2021.03.03-16.23.26:347][  0]LogAudioMixer: Display: 	Callback Buffer Frame Size Requested: 1024
[2021.03.03-16.23.26:348][  0]LogAudioMixer: Display: 	Callback Buffer Frame Size To Use:	  1024
[2021.03.03-16.23.26:348][  0]LogAudioMixer: Display: 	Number of buffers to queue:			  2
[2021.03.03-16.23.26:348][  0]LogAudioMixer: Display: 	Max Channels (voices):				  32
[2021.03.03-16.23.26:348][  0]LogAudioMixer: Display: 	Number of Async Source Workers:		  0
[2021.03.03-16.23.26:348][  0]LogAudio: Display: AudioDevice MaxSources: 32
[2021.03.03-16.23.26:348][  0]LogAudio: Display: Using built-in audio occlusion.
[2021.03.03-16.23.26:348][  0]LogAudioMixer: Display: Initializing audio mixer.
[2021.03.03-16.23.26:394][  0]LogAudioMixer: Display: 0: FrontLeft
[2021.03.03-16.23.26:394][  0]LogAudioMixer: Display: 1: FrontRight
[2021.03.03-16.23.26:492][  0]LogAudioMixer: Display: Using Audio Device 2777M(NVIDIA High Definition Audio)
[2021.03.03-16.23.26:495][  0]LogAudioMixer: Display: Initializing Sound Submixes...
[2021.03.03-16.23.26:499][  0]LogAudioMixer: Display: Creating Master Submix 'MasterSubmixDefault'
[2021.03.03-16.23.26:499][  0]LogAudioMixer: Display: Creating Master Submix 'MasterReverbSubmixDefault'
[2021.03.03-16.23.26:501][  0]LogAudioMixer: Display: Creating Master Submix 'MasterEQSubmixDefault'
[2021.03.03-16.23.26:502][  0]LogInit: FAudioDevice initialized.
[2021.03.03-16.23.26:502][  0]LogNetVersion: Set ProjectVersion to 1.0.0.0. Version Checksum will be recalculated on next use.
[2021.03.03-16.23.26:618][  0]LogDerivedDataCache: Saved boot cache 0.12s 75MB C:/Users/조광형/AppData/Local/UnrealEngine/4.25/DerivedDataCache/Boot.ddc.
[2021.03.03-16.23.26:619][  0]LogInit: Texture streaming: Enabled
[2021.03.03-16.23.26:655][  0]LogEngineSessionManager: EngineSessionManager initialized
[2021.03.03-16.23.26:655][  0]LogEditorSessionSummary: Verbose: Initializing EditorSessionSummaryWriter for editor session tracking
[2021.03.03-16.23.26:661][  0]LogEditorSessionSummary: EditorSessionSummaryWriter initialized
[2021.03.03-16.23.26:693][  0]LogInit: Transaction tracking system initialized
[2021.03.03-16.23.26:741][  0]BlueprintLog: New page: 에디터 로드
[2021.03.03-16.23.27:092][  0]LocalizationService: 현지화 서비스가 비활성화되었습니다.
[2021.03.03-16.23.27:802][  0]LogFileCache: Scanning file cache for directory 'D:/Unreal Projects/Git/FPS_GameProject/FPSProject/Content/' took 0.00s
[2021.03.03-16.23.27:802][  0]LogCook: Display: Max memory allowance for cook 16384mb min free memory 0mb
[2021.03.03-16.23.27:802][  0]LogCook: Display: Mobile HDR setting 1
[2021.03.03-16.23.28:396][  0]SourceControl: 소스 컨트롤이 꺼졌습니다.
[2021.03.03-16.23.28:396][  0]LogUnrealEdMisc: Loading editor; pre map load, took 14.517
[2021.03.03-16.23.28:396][  0]Cmd: MAP LOAD FILE="../../../Engine/Content/Maps/Templates/Template_Default.umap" TEMPLATE=1 SHOWPROGRESS=1 FEATURELEVEL=3
[2021.03.03-16.23.28:397][  0]LightingResults: New page: 라이팅 빌드
[2021.03.03-16.23.28:398][  0]LogWorld: UWorld::CleanupWorld for Untitled, bSessionEnded=true, bCleanupResources=true
[2021.03.03-16.23.28:398][  0]LogSlate: InvalidateAllWidgets triggered.  All widgets were invalidated
[2021.03.03-16.23.28:398][  0]MapCheck: New page: 맵 체크
[2021.03.03-16.23.28:398][  0]LightingResults: New page: 라이팅 빌드
[2021.03.03-16.23.28:411][  0]LogAISub: UAISubsystem::~UAISubsystem EnvQueryManager (000002B96B078800), frame # 0
[2021.03.03-16.23.28:412][  0]LogAISub: UAISubsystem::~UAISubsystem AIPerceptionSystem (000002B96B6491C0), frame # 0
[2021.03.03-16.23.28:412][  0]LogUObjectHash: Compacting FUObjectHashTables data took   0.75ms
[2021.03.03-16.23.28:494][  0]LogAIModule: Creating AISystem for world Untitled_1
[2021.03.03-16.23.28:494][  0]LogAISub: UAISubsystem::UAISubsystem EnvQueryManager (000002B95BEAFE00), frame # 0
[2021.03.03-16.23.28:494][  0]LogAISub: UAISubsystem::UAISubsystem AIPerceptionSystem (000002B95BFF1D00), frame # 0
[2021.03.03-16.23.28:498][  0]LogEditorServer: Finished looking for orphan Actors (0.000 secs)
[2021.03.03-16.23.28:512][  0]LogUObjectHash: Compacting FUObjectHashTables data took   0.96ms
[2021.03.03-16.23.28:512][  0]Cmd: MAP CHECKDEP NOCLEARLOG
[2021.03.03-16.23.28:513][  0]MapCheck: 맵 체크 완료: 오류 0 회, 경고 0 회, 소요 시간 0.308ms.
[2021.03.03-16.23.28:513][  0]LogFileHelpers: Loading map 'Template_Default' took 0.117
[2021.03.03-16.23.28:516][  0]LogUnrealEdMisc: Total Editor Startup Time, took 14.636
[2021.03.03-16.23.28:668][  0]LogSlate: Updating window title bar state: overlay mode, drag disabled, window buttons hidden, title bar hidden
[2021.03.03-16.23.28:676][  0]LogSlate: Updating window title bar state: overlay mode, drag disabled, window buttons hidden, title bar hidden
[2021.03.03-16.23.28:683][  0]LogSlate: Updating window title bar state: overlay mode, drag disabled, window buttons hidden, title bar hidden
[2021.03.03-16.23.28:690][  0]LogSlate: Updating window title bar state: overlay mode, drag disabled, window buttons hidden, title bar hidden
[2021.03.03-16.23.28:702][  0]LogCollectionManager: Loaded 0 collections in 0.001212 seconds
[2021.03.03-16.23.28:792][  0]LogFileCache: Scanning file cache for directory 'D:/Unreal Projects/Git/FPS_GameProject/FPSProject/Saved/Collections/' took 0.00s
[2021.03.03-16.23.28:792][  0]LogFileCache: Scanning file cache for directory 'D:/Unreal Projects/Git/FPS_GameProject/FPSProject/Content/Developers/GwangHyung/Collections/' took 0.00s
[2021.03.03-16.23.28:792][  0]LogFileCache: Scanning file cache for directory 'D:/Unreal Projects/Git/FPS_GameProject/FPSProject/Content/Collections/' took 0.00s
[2021.03.03-16.23.28:792][  0]LogContentBrowser: Native class hierarchy populated in 0.0119 seconds. Added 3428 classes and 823 folders.
[2021.03.03-16.23.28:795][  0]LogContentBrowser: Native class hierarchy updated for 'WidgetCarousel' in 0.0005 seconds. Added 0 classes and 0 folders.
[2021.03.03-16.23.28:931][  0]LogContentBrowser: Native class hierarchy updated for 'AddContentDialog' in 0.0005 seconds. Added 0 classes and 0 folders.
[2021.03.03-16.23.28:955][  0]LogContentBrowser: Native class hierarchy updated for 'SceneOutliner' in 0.0005 seconds. Added 2 classes and 0 folders.
[2021.03.03-16.23.30:295][  0]LogSlate: Took 0.000470 seconds to synchronously load lazily loaded font '../../../Engine/Content/Slate/Fonts/Roboto-Regular.ttf' (155K)
[2021.03.03-16.23.30:297][  0]LogSlate: Took 0.001896 seconds to synchronously load lazily loaded font '../../../Engine/Content/Editor/Slate/Fonts/NanumGothic.ttf' (4243K)
[2021.03.03-16.23.30:300][  0]LogSlate: Took 0.001790 seconds to synchronously load lazily loaded font '../../../Engine/Content/Editor/Slate/Fonts/NanumGothicBold.ttf' (4188K)
[2021.03.03-16.23.30:300][  0]LogSlate: Took 0.000397 seconds to synchronously load lazily loaded font '../../../Engine/Content/Slate/Fonts/Roboto-Bold.ttf' (160K)
[2021.03.03-16.23.30:328][  0]LogSlate: Took 0.023689 seconds to synchronously load lazily loaded font '../../../Engine/Content/Editor/Slate/Fonts/FontAwesome.ttf' (139K)
[2021.03.03-16.23.30:414][  0]LogRenderer: Reallocating scene render targets to support 1208x484 Format 10 NumSamples 1 (Frame:1).
[2021.03.03-16.23.30:849][  0]LogContentBrowser: Native class hierarchy updated for 'HierarchicalLODOutliner' in 0.0006 seconds. Added 0 classes and 0 folders.
[2021.03.03-16.23.30:849][  0]LogLoad: (Engine Initialization) Total time: 16.97 seconds
[2021.03.03-16.23.30:849][  0]LogLoad: (Engine Initialization) Total Blueprint compile time: 0.00 seconds
[2021.03.03-16.23.30:943][  0]LogContentStreaming: Texture pool size now 1000 MB
[2021.03.03-16.23.38:626][750]LogAssetRegistry: Asset discovery search completed in 16.1970 seconds
[2021.03.03-16.23.38:631][750]LogCollectionManager: Fixed up redirectors for 0 collections in 0.000002 seconds (updated 0 objects)
[2021.03.03-16.23.46:472][ 90]LogSlate: Took 0.000437 seconds to synchronously load lazily loaded font '../../../Engine/Content/Slate/Fonts/Roboto-Light.ttf' (167K)
[2021.03.03-16.25.20:118][729]LogSlate: Window '새 채널' being destroyed
[2021.03.03-16.25.22:514][858]LogSlate: Window '채널 편집' being destroyed
[2021.03.03-16.25.29:953][117]LogSlate: Window '프로파일 편집' being destroyed
[2021.03.03-16.25.37:718][306]LogSlate: Window '프로파일 편집' being destroyed
[2021.03.03-16.25.44:269][409]LogSlate: Window '프로파일 편집' being destroyed
[2021.03.03-16.26.05:051][577]LogSlate: Window '프로파일 편집' being destroyed
[2021.03.03-16.26.06:747][660]LogSlate: Window '프로파일 편집' being destroyed
[2021.03.03-16.26.08:307][752]LogSlate: Window '프로파일 편집' being destroyed
[2021.03.03-16.26.09:714][833]LogSlate: Window '프로파일 편집' being destroyed
[2021.03.03-16.26.11:202][922]LogSlate: Window '프로파일 편집' being destroyed
[2021.03.03-16.26.13:114][ 67]LogSlate: Window '프로파일 편집' being destroyed
[2021.03.03-16.26.15:939][148]LogSlate: Window '프로파일 편집' being destroyed
[2021.03.03-16.26.18:226][320]LogSlate: Window '프로파일 편집' being destroyed
[2021.03.03-16.26.21:791][389]LogSlate: Window '프로파일 편집' being destroyed
[2021.03.03-16.26.23:083][458]LogSlate: Window '프로파일 편집' being destroyed
[2021.03.03-16.26.27:313][555]LogSlate: Window '프로파일 편집' being destroyed
[2021.03.03-16.26.35:024][734]LogSlate: Window '프로파일 편집' being destroyed
[2021.03.03-16.26.36:717][823]LogSlate: Window '프로파일 편집' being destroyed
[2021.03.03-16.26.38:599][903]LogSlate: Window '프로파일 편집' being destroyed
[2021.03.03-16.26.47:399][ 21]LogSlate: Window '프로파일 편집' being destroyed
[2021.03.03-16.26.49:052][ 80]LogSlate: Window '프로파일 편집' being destroyed
[2021.03.03-16.30.54:556][929]LogSlate: Took 0.001072 seconds to synchronously load lazily loaded font '../../../Engine/Content/Slate/Fonts/Roboto-Light.ttf' (167K)
[2021.03.03-16.30.54:637][929]LogSlate: WidgetSwitcher ('None') active index changed to -1
[2021.03.03-16.30.54:637][929]LogSlate: WidgetSwitcher ('None') active index changed to 0
[2021.03.03-16.30.54:741][929]LogSlate: Took 0.028645 seconds to synchronously load lazily loaded font '../../../Engine/Content/Slate/Fonts/Roboto-BoldCondensed.ttf' (158K)
[2021.03.03-16.31.00:292][351]LogSlate: Window 'C++ 클래스 추가' being destroyed
[2021.03.03-16.50.46:107][293]LogSlate: WidgetSwitcher ('None') active index changed to -1
[2021.03.03-16.50.46:107][293]LogSlate: WidgetSwitcher ('None') active index changed to 0
[2021.03.03-16.51.08:720][174]LogSlate: WidgetSwitcher ('None') active index changed to 1
[2021.03.03-16.51.29:952][ 11]Running D:/UE_4.25/Engine/Binaries/DotNET/UnrealBuildTool.exe  -projectfiles -project="D:/Unreal Projects/Git/FPS_GameProject/FPSProject/FPSProject.uproject" -game -rocket -progress
[2021.03.03-16.51.32:151][ 11]Discovering modules, targets and source code for project...
[2021.03.03-16.51.49:801][ 11]Binding IntelliSense data...
[2021.03.03-16.52.28:582][ 11]Binding IntelliSense data... 50%
[2021.03.03-16.52.28:585][ 11]Binding IntelliSense data... 100%
[2021.03.03-16.52.28:585][ 11]Writing project files...
[2021.03.03-16.53.35:862][ 11]Writing project files... 67%
[2021.03.03-16.53.35:862][ 11]Writing project files... 100%
[2021.03.03-16.53.36:599][ 11]Candidate modules for hot reload:
[2021.03.03-16.53.36:600][ 11]  FPSProject
[2021.03.03-16.53.36:600][ 11]Launching UnrealBuildTool... [D:/UE_4.25/Engine/Binaries/DotNET/UnrealBuildTool.exe  -ModuleWithSuffix=FPSProject,8787 FPSProjectEditor Win64 Development -Project="D:/Unreal Projects/Git/FPS_GameProject/FPSProject/FPSProject.uproject" "D:/Unreal Projects/Git/FPS_GameProject/FPSProject/FPSProject.uproject"  -IgnoreJunk]
[2021.03.03-17.03.45:402][ 11]CompilerResultsLog: New page: 컴파일 - 2021. 3. 4. 오전 11:03:45
[2021.03.03-17.03.45:402][ 11]CompilerResultsLog: Using 'git status' to determine working set for adaptive non-unity build (D:\Unreal Projects\Git\FPS_GameProject).
[2021.03.03-17.03.45:402][ 11]CompilerResultsLog: Creating makefile for FPSProjectEditor (no existing makefile)
[2021.03.03-17.03.45:402][ 11]CompilerResultsLog: Parsing headers for FPSProjectEditor
[2021.03.03-17.03.45:402][ 11]CompilerResultsLog:   Running UnrealHeaderTool "D:\Unreal Projects\Git\FPS_GameProject\FPSProject\FPSProject.uproject" "D:\Unreal Projects\Git\FPS_GameProject\FPSProject\Intermediate\Build\Win64\FPSProjectEditor\Development\FPSProjectEditor.uhtmanifest" -LogCmds="loginit warning, logexit warning, logdatabase error" -Unattended -WarningsAsErrors -abslog="C:\Users\??????\AppData\Local\UnrealBuildTool\Log_UHT.txt" -installed
[2021.03.03-17.03.45:402][ 11]CompilerResultsLog: Reflection code generated for FPSProjectEditor in 63.5966497 seconds
[2021.03.03-17.03.45:402][ 11]CompilerResultsLog: Building FPSProjectEditor...
[2021.03.03-17.03.45:402][ 11]CompilerResultsLog: Using Visual Studio 2019 14.28.29910 toolchain (C:\Program Files (x86)\Microsoft Visual Studio\2019\Community\VC\Tools\MSVC\14.28.29910) and Windows 10.0.18362.0 SDK (C:\Program Files (x86)\Windows Kits\10).
[2021.03.03-17.03.45:403][ 11]CompilerResultsLog: Building 9 actions with 16 processes...
[2021.03.03-17.03.45:403][ 11]CompilerResultsLog:   [1/9] FPSProject.cpp
[2021.03.03-17.03.45:403][ 11]CompilerResultsLog:   [2/9] ShooterCharacter.cpp
[2021.03.03-17.03.45:403][ 11]CompilerResultsLog:   [3/9] FPSProjectGameModeBase.cpp
[2021.03.03-17.03.45:403][ 11]CompilerResultsLog:   [4/9] FPSProject.init.gen.cpp
[2021.03.03-17.03.45:403][ 11]CompilerResultsLog:   [5/9] FPSProjectGameModeBase.gen.cpp
[2021.03.03-17.03.45:403][ 11]CompilerResultsLog:   [6/9] ShooterCharacter.gen.cpp
[2021.03.03-17.03.45:403][ 11]CompilerResultsLog:   [7/9] UE4Editor-FPSProject-8787.lib
[2021.03.03-17.03.45:403][ 11]CompilerResultsLog:      D:\Unreal Projects\Git\FPS_GameProject\FPSProject\Intermediate\Build\Win64\UE4Editor\Development\FPSProject\UE4Editor-FPSProject-8787.lib ???̺귯?? ?? D:\Unreal Projects\Git\FPS_GameProject\FPSProject\Intermediate\Build\Win64\UE4Editor\Development\FPSProject\UE4Editor-FPSProject-8787.exp ??ü?? ?????ϰ? ?ֽ??ϴ?.
[2021.03.03-17.03.45:403][ 11]CompilerResultsLog:   [8/9] UE4Editor-FPSProject-8787.dll
[2021.03.03-17.03.45:403][ 11]CompilerResultsLog:      D:\Unreal Projects\Git\FPS_GameProject\FPSProject\Intermediate\Build\Win64\UE4Editor\Development\FPSProject\UE4Editor-FPSProject-8787.suppressed.lib ???̺귯?? ?? D:\Unreal Projects\Git\FPS_GameProject\FPSProject\Intermediate\Build\Win64\UE4Editor\Development\FPSProject\UE4Editor-FPSProject-8787.suppressed.exp ??ü?? ?????ϰ? ?ֽ??ϴ?.
[2021.03.03-17.03.45:403][ 11]CompilerResultsLog:   [9/9] FPSProjectEditor.target
[2021.03.03-17.03.45:403][ 11]CompilerResultsLog: Total time in Parallel executor: 534.53 seconds
[2021.03.03-17.03.45:403][ 11]CompilerResultsLog: Total execution time: 608.39 seconds
[2021.03.03-17.03.45:403][ 11]LogMainFrame: MainFrame: Module compiling took 608.813 seconds
[2021.03.03-17.03.46:133][ 11]LogClass: Could not find existing class ShooterCharacter in package /Script/FPSProject for HotReload, assuming new class
[2021.03.03-17.03.46:187][ 11]LogContentBrowser: Native class hierarchy updated for 'FPSProject' in 0.0013 seconds. Added 2 classes and 2 folders.
[2021.03.03-17.03.46:222][ 11]Display: HotReload successful (0 functions remapped  0 scriptstructs remapped)
[2021.03.03-17.03.47:397][ 11]LogContentBrowser: Native class hierarchy populated in 0.0143 seconds. Added 3429 classes and 823 folders.
[2021.03.03-17.03.47:596][ 11]Display: HotReload took 611.1s.
[2021.03.03-17.03.47:600][ 11]Warning: HotReload operation took 611.1s.
[2021.03.03-17.03.49:404][ 11]LogVSAccessor: Warning: Couldn't goto line number '1' in 'D:/Unreal Projects/Git/FPS_GameProject/FPSProject/Source/FPSProject/ShooterCharacter.cpp'
[2021.03.03-17.03.49:984][ 11]LogSlate: Window 'C++ 클래스 추가' being destroyed
[2021.03.03-17.03.49:996][ 11]LogHotReload: New module detected: UE4Editor-FPSProject-8787.dll
[2021.03.03-17.03.50:088][ 12]LogHotReload: Starting Hot-Reload from IDE
[2021.03.03-17.03.50:114][ 12]LogContentBrowser: Native class hierarchy updated for 'FPSProject' in 0.0006 seconds. Added 2 classes and 2 folders.
[2021.03.03-17.03.50:115][ 12]Display: HotReload successful (0 functions remapped  0 scriptstructs remapped)
[2021.03.03-17.03.50:131][ 12]LogContentBrowser: Native class hierarchy populated in 0.0113 seconds. Added 3429 classes and 823 folders.
[2021.03.03-17.03.50:138][ 12]Display: HotReload took  0.0s.
[2021.03.03-17.04.35:881][344]LogSlate: WidgetSwitcher ('None') active index changed to -1
[2021.03.03-17.04.35:881][344]LogSlate: WidgetSwitcher ('None') active index changed to 0
[2021.03.03-17.04.43:883][629]LogSlate: Warning: Slate: Had to block on waiting for a draw buffer
[2021.03.03-17.04.52:214][517]LogSlate: WidgetSwitcher ('None') active index changed to 1
[2021.03.03-17.05.13:939][ 56]Running D:/UE_4.25/Engine/Binaries/DotNET/UnrealBuildTool.exe  -projectfiles -project="D:/Unreal Projects/Git/FPS_GameProject/FPSProject/FPSProject.uproject" -game -rocket -progress
[2021.03.03-17.05.15:467][ 56]Discovering modules, targets and source code for project...
[2021.03.03-17.05.26:962][ 56]Binding IntelliSense data...
[2021.03.03-17.05.52:655][ 56]Binding IntelliSense data... 50%
[2021.03.03-17.05.52:656][ 56]Binding IntelliSense data... 100%
[2021.03.03-17.05.52:656][ 56]Writing project files...
[2021.03.03-17.07.09:128][ 56]Writing project files... 67%
[2021.03.03-17.07.09:128][ 56]Writing project files... 100%
[2021.03.03-17.07.09:358][ 56]Candidate modules for hot reload:
[2021.03.03-17.07.09:358][ 56]  FPSProject
[2021.03.03-17.07.09:358][ 56]Launching UnrealBuildTool... [D:/UE_4.25/Engine/Binaries/DotNET/UnrealBuildTool.exe  -ModuleWithSuffix=FPSProject,327 FPSProjectEditor Win64 Development -Project="D:/Unreal Projects/Git/FPS_GameProject/FPSProject/FPSProject.uproject" "D:/Unreal Projects/Git/FPS_GameProject/FPSProject/FPSProject.uproject"  -IgnoreJunk]
[2021.03.03-17.14.07:192][ 56]CompilerResultsLog: New page: 컴파일 - 2021. 3. 4. 오전 11:14:07
[2021.03.03-17.14.07:192][ 56]CompilerResultsLog: Using 'git status' to determine working set for adaptive non-unity build (D:\Unreal Projects\Git\FPS_GameProject).
[2021.03.03-17.14.07:192][ 56]CompilerResultsLog: Creating makefile for FPSProjectEditor (no existing makefile)
[2021.03.03-17.14.07:192][ 56]CompilerResultsLog: Parsing headers for FPSProjectEditor
[2021.03.03-17.14.07:192][ 56]CompilerResultsLog:   Running UnrealHeaderTool "D:\Unreal Projects\Git\FPS_GameProject\FPSProject\FPSProject.uproject" "D:\Unreal Projects\Git\FPS_GameProject\FPSProject\Intermediate\Build\Win64\FPSProjectEditor\Development\FPSProjectEditor.uhtmanifest" -LogCmds="loginit warning, logexit warning, logdatabase error" -Unattended -WarningsAsErrors -abslog="C:\Users\??????\AppData\Local\UnrealBuildTool\Log_UHT.txt" -installed
[2021.03.03-17.14.07:192][ 56]CompilerResultsLog: Reflection code generated for FPSProjectEditor in 33.5988788 seconds
[2021.03.03-17.14.07:192][ 56]CompilerResultsLog: Building FPSProjectEditor...
[2021.03.03-17.14.07:192][ 56]CompilerResultsLog: Using Visual Studio 2019 14.28.29910 toolchain (C:\Program Files (x86)\Microsoft Visual Studio\2019\Community\VC\Tools\MSVC\14.28.29910) and Windows 10.0.18362.0 SDK (C:\Program Files (x86)\Windows Kits\10).
[2021.03.03-17.14.07:192][ 56]CompilerResultsLog: Building 6 actions with 16 processes...
[2021.03.03-17.14.07:192][ 56]CompilerResultsLog:   [1/6] FPSProject.init.gen.cpp
[2021.03.03-17.14.07:192][ 56]CompilerResultsLog:   [2/6] ShooterPlayerController.cpp
[2021.03.03-17.14.07:192][ 56]CompilerResultsLog:   [3/6] ShooterPlayerController.gen.cpp
[2021.03.03-17.14.07:192][ 56]CompilerResultsLog:   [4/6] UE4Editor-FPSProject-0327.lib
[2021.03.03-17.14.07:192][ 56]CompilerResultsLog:      D:\Unreal Projects\Git\FPS_GameProject\FPSProject\Intermediate\Build\Win64\UE4Editor\Development\FPSProject\UE4Editor-FPSProject-0327.lib ???̺귯?? ?? D:\Unreal Projects\Git\FPS_GameProject\FPSProject\Intermediate\Build\Win64\UE4Editor\Development\FPSProject\UE4Editor-FPSProject-0327.exp ??ü?? ?????ϰ? ?ֽ??ϴ?.
[2021.03.03-17.14.07:192][ 56]CompilerResultsLog:   [5/6] UE4Editor-FPSProject-0327.dll
[2021.03.03-17.14.07:192][ 56]CompilerResultsLog:      D:\Unreal Projects\Git\FPS_GameProject\FPSProject\Intermediate\Build\Win64\UE4Editor\Development\FPSProject\UE4Editor-FPSProject-0327.suppressed.lib ???̺귯?? ?? D:\Unreal Projects\Git\FPS_GameProject\FPSProject\Intermediate\Build\Win64\UE4Editor\Development\FPSProject\UE4Editor-FPSProject-0327.suppressed.exp ??ü?? ?????ϰ? ?ֽ??ϴ?.
[2021.03.03-17.14.07:192][ 56]CompilerResultsLog:   [6/6] FPSProjectEditor.target
[2021.03.03-17.14.07:192][ 56]CompilerResultsLog: Total time in Parallel executor: 378.92 seconds
[2021.03.03-17.14.07:192][ 56]CompilerResultsLog: Total execution time: 417.58 seconds
[2021.03.03-17.14.07:192][ 56]LogMainFrame: MainFrame: Module compiling took 417.840 seconds
[2021.03.03-17.14.07:210][ 56]LogContentBrowser: Native class hierarchy populated in 0.0124 seconds. Added 3429 classes and 823 folders.
[2021.03.03-17.14.07:210][ 56]Display: HotReload took 417.9s.
[2021.03.03-17.14.07:216][ 56]Warning: HotReload operation took 417.9s.
[2021.03.03-17.14.08:065][ 56]LogVSAccessor: Warning: Couldn't goto line number '1' in 'D:/Unreal Projects/Git/FPS_GameProject/FPSProject/Source/FPSProject/ShooterPlayerController.h'
[2021.03.03-17.14.08:066][ 56]LogVSAccessor: Warning: Couldn't open file 'D:/Unreal Projects/Git/FPS_GameProject/FPSProject/Source/FPSProject/ShooterPlayerController.cpp'.
[2021.03.03-17.14.08:066][ 56]LogSlate: Window 'C++ 클래스 추가' being destroyed
[2021.03.03-17.14.08:080][ 56]LogHotReload: New module detected: UE4Editor-FPSProject-0327.dll
[2021.03.03-17.14.08:176][ 57]LogHotReload: Starting Hot-Reload from IDE
[2021.03.03-17.14.08:528][ 57]LogClass: Could not find existing class ShooterPlayerController in package /Script/FPSProject for HotReload, assuming new class
[2021.03.03-17.14.08:534][ 57]LogContentBrowser: Native class hierarchy updated for 'FPSProject' in 0.0016 seconds. Added 3 classes and 2 folders.
[2021.03.03-17.14.08:535][ 57]Display: HotReload successful (0 functions remapped  0 scriptstructs remapped)
[2021.03.03-17.14.08:571][ 57]LogContentBrowser: Native class hierarchy populated in 0.0122 seconds. Added 3430 classes and 823 folders.
[2021.03.03-17.14.08:577][ 57]Display: HotReload took  0.4s.
[2021.03.03-17.14.17:939][706]LogSlate: WidgetSwitcher ('None') active index changed to -1
[2021.03.03-17.14.17:939][706]LogSlate: WidgetSwitcher ('None') active index changed to 0
